<?xml version="1.0" encoding="UTF-8"?>
<!-- Generated by org.testng.reporters.JUnitXMLReporter -->
<testsuite ignored="0" hostname="LAPTOP-4PCOUT3C" failures="1" tests="1" name="Test" time="9.804" errors="0" timestamp="2023-03-17T16:42:38 CET">
  <testcase classname="ePack.DemoTest" name="sampleTest" time="8.513">
    <failure type="java.lang.AssertionError" message="expected [Sample Text for testing.1] but found [Sample Text for testing.]">
      <![CDATA[java.lang.AssertionError: expected [Sample Text for testing.1] but found [Sample Text for testing.]
at ePack.DemoTest.sampleTest(DemoTest.java:52)
at java.base/java.util.ArrayList.forEach(ArrayList.java:1511)
... Removed 33 stack frames]]>
    </failure>
  </testcase> <!-- sampleTest -->
</testsuite> <!-- Test -->
